<?xml version="1.0" encoding="UTF-8"?>
<!-- Generated by org.testng.reporters.JUnitXMLReporter -->
<testsuite ignored="0" hostname="KCK-PC" failures="0" tests="7" name="Default test" time="33.044" errors="0" timestamp="2024-08-27T18:11:43 IST">
  <testcase classname="com.ninjatutorials.testcases.Login" name="verifyLoginWithValidCredentials" time="1.065"/>
  <testcase classname="com.ninjatutorials.testcases.Login" name="verifyLoginWithValidCredentials" time="1.153"/>
  <testcase classname="com.ninjatutorials.testcases.Login" name="verifyLoginWithValidCredentials" time="1.12"/>
  <testcase classname="com.ninjatutorials.testcases.Login" name="verifyLoginWithInValidCredentials" time="1.172"/>
  <testcase classname="com.ninjatutorials.testcases.Login" name="verifyLoginWithInValidEmailAndValidPassword" time="1.162"/>
  <testcase classname="com.ninjatutorials.testcases.Login" name="verifyLoginWithValidEmailAndInValidPassword" time="0.997"/>
  <testcase classname="com.ninjatutorials.testcases.Login" name="verifyLoginWithOutProvidingAnyCredentials" time="0.521"/>
</testsuite> <!-- Default test -->
